Arguments: 
  /usr/local/bin/node /usr/local/bin/yarn

PATH: 
  /Users/ajayiadeyemi/google-cloud-sdk/bin:/opt/anaconda3/bin:/opt/anaconda3/condabin:/Library/PostgreSQL/14/bin:/anaconda3/bin:/Users/ajayiadeyemi/go/bin:/usr/local/bin:/usr/bin:/bin:/usr/sbin:/sbin:/usr/local/mysql/bin

Yarn version: 
  1.22.19

Node version: 
  16.14.0

Platform: 
  darwin x64

Trace: 
  Error: unable to verify the first certificate
      at TLSSocket.onConnectSecure (node:_tls_wrap:1530:34)
      at TLSSocket.emit (node:events:520:28)
      at TLSSocket._finishInit (node:_tls_wrap:944:8)
      at TLSWrap.ssl.onhandshakedone (node:_tls_wrap:725:12)

npm manifest: 
  {
    "name": "backend_service_project",
    "version": "1.0.0",
    "description": "Server for Backend as a service application",
    "main": "server.js",
    "type": "commonjs",
    "scripts": {
      "test": "mocha -r ts-node/register tests/**/*.spec.ts",
      "build": "npx tsc",
      "start": "node dist/server.js",
      "dev": "concurrently \"npx tsc --watch\" \"nodemon -q dist/server.js\"",
      "watch-ts": "tsc -w",
      "watch-node": "nodemon dist/server.js",
      "watch": "concurrently -k -p \"[{name}]\" -n \"TypeScript, Node\" -c \"yello.bold, cyan.bold\" \"yarn run watch-ts\" \"yarn run watch-node\""
    },
    "author": "Daniel Nwokocha",
    "license": "ISC",
    "dependencies": {
      "@prisma/client": "^4.5.0",
      "@types/bcrypt": "^5.0.0",
      "@types/express": "^4.17.13",
      "@types/jsonwebtoken": "^8.5.9",
      "@types/nodemailer": "^6.4.6",
      "@types/validator": "^13.7.10",
      "bcrypt": "^5.1.0",
      "body-parser": "^1.20.0",
      "concurrently": "^7.0.0",
      "cors": "^2.8.5",
      "dotenv": "^16.0.3",
      "express": "^4.17.3",
      "express-validator": "^6.14.0",
      "jsonwebtoken": "^8.5.1",
      "nodemailer": "^6.8.0",
      "pg": "^8.7.3",
      "validator": "^13.7.0"
    },
    "devDependencies": {
      "@types/chai": "^4.3.3",
      "@types/chai-http": "^4.2.0",
      "@types/cors": "^2.8.12",
      "@types/express": "^4.17.13",
      "@types/mocha": "^9.1.1",
      "@types/node": "^17.0.23",
      "chai": "^4.3.6",
      "chai-http": "^4.3.0",
      "concurrently": "^7.0.0",
      "mocha": "^10.1.0",
      "nodemon": "^2.0.15",
      "prisma": "^4.5.0",
      "ts-node": "^10.8.0",
      "typescript": "^4.6.4"
    }
  }

yarn manifest: 
  No manifest

Lockfile: 
  No lockfile
